<?xml version="1.0" encoding="utf-8"?><testsuites><testsuite name="pytest" errors="0" failures="0" skipped="0" tests="3" time="3.227" timestamp="2024-03-22T10:12:53.223231" hostname="d1cc0b18d8f8"><testcase classname="tests.test_prediction" name="test_single_pred_not_none" time="0.026" /><testcase classname="tests.test_prediction" name="test_single_pred_str_type" time="0.022" /><testcase classname="tests.test_prediction" name="test_single_pred_validate" time="0.020" /></testsuite></testsuites>